.=====================================================================.
                                                                       
  .d8888b.   .o8888b.  db  .d8888b.  d8888b. d88888b d8888b.  .d888b.  
 .8P    Y8. d8P    Y8  88 .8P    Y8. 88  `8D 88'     88  `8D .8P , Y8. 
 88      88 8P     .ooo88 88      88 88oooY' 88oooo  88oobY' 88  |  88 
 88      88 8b     `~~~88 88      88 88~~~b. 88~~~~  88`8b   88  |/ 88 
 `8b    d8' Y8b    d8  88 `8b    d8' 88   8D 88.     88 `88. `8b | d8' 
  `Y8888P'   `Y8888P'  YP  `Y8888P'  Y8888P' Y88888P 88   YD  `Y888P'  
                                                                       
`========================== INSTALLATION LOG ========================='

[2019/08/28 04:13:59] Host: Windows NT KPVMBB-HP 6.3 build 9600 (Windows 8.1 Professional Edition) AMD64
[2019/08/28 04:13:59] PHP version: 7.2.14
[2019/08/28 04:13:59] Server software: Apache/2.4.37 (Win64) PHP/7.2.14
[2019/08/28 04:13:59] Operating system: WINNT
[2019/08/28 04:13:59] Memory limit: 128M
[2019/08/28 04:13:59] Max execution time: 3600
.============================ POST REQUEST ==========================.
[2019/08/28 04:13:59] Postback payload: Array
(
    [code] => phpVersion
    [handler] => onCheckRequirement
)

[2019/08/28 04:13:59] System check: phpVersion
[2019/08/28 04:13:59] Requirement phpVersion +OK
[2019/08/28 04:13:59] Execute handler (onCheckRequirement): Array
(
    [result] => 1
)

.============================ POST REQUEST ==========================.
[2019/08/28 04:14:00] Postback payload: Array
(
    [code] => curlLibrary
    [handler] => onCheckRequirement
)

[2019/08/28 04:14:00] System check: curlLibrary
[2019/08/28 04:14:00] Requirement curlLibrary +OK
[2019/08/28 04:14:00] Execute handler (onCheckRequirement): Array
(
    [result] => 1
)

.============================ POST REQUEST ==========================.
[2019/08/28 04:14:00] Postback payload: Array
(
    [code] => liveConnection
    [handler] => onCheckRequirement
)

[2019/08/28 04:14:00] System check: liveConnection
[2019/08/28 04:14:01] Server request: ping
[2019/08/28 04:14:01] Request information: Array
(
    [url] => http://gateway.octobercms.com/api/ping
    [content_type] => application/json
    [http_code] => 200
    [header_size] => 477
    [request_size] => 203
    [filetime] => -1
    [ssl_verify_result] => 0
    [redirect_count] => 0
    [total_time] => 0.547
    [namelookup_time] => 0.016
    [connect_time] => 0.266
    [pretransfer_time] => 0.266
    [size_upload] => 64
    [size_download] => 12
    [speed_download] => 21
    [speed_upload] => 117
    [download_content_length] => -1
    [upload_content_length] => 64
    [starttransfer_time] => 0.547
    [redirect_time] => 0
    [redirect_url] => 
    [primary_ip] => 52.37.223.30
    [certinfo] => Array
        (
        )

    [primary_port] => 80
    [local_ip] => 192.168.0.103
    [local_port] => 52482
)

[2019/08/28 04:14:01] Requirement liveConnection +OK
[2019/08/28 04:14:01] Execute handler (onCheckRequirement): Array
(
    [result] => 1
)

.============================ POST REQUEST ==========================.
[2019/08/28 04:14:01] Postback payload: Array
(
    [code] => writePermission
    [handler] => onCheckRequirement
)

[2019/08/28 04:14:01] System check: writePermission
[2019/08/28 04:14:01] Requirement writePermission +OK
[2019/08/28 04:14:01] Execute handler (onCheckRequirement): Array
(
    [result] => 1
)

.============================ POST REQUEST ==========================.
[2019/08/28 04:14:02] Postback payload: Array
(
    [code] => pdoLibrary
    [handler] => onCheckRequirement
)

[2019/08/28 04:14:02] System check: pdoLibrary
[2019/08/28 04:14:02] Requirement pdoLibrary +OK
[2019/08/28 04:14:02] Execute handler (onCheckRequirement): Array
(
    [result] => 1
)

.============================ POST REQUEST ==========================.
[2019/08/28 04:14:02] Postback payload: Array
(
    [code] => mbstringLibrary
    [handler] => onCheckRequirement
)

[2019/08/28 04:14:02] System check: mbstringLibrary
[2019/08/28 04:14:02] Requirement mbstringLibrary +OK
[2019/08/28 04:14:02] Execute handler (onCheckRequirement): Array
(
    [result] => 1
)

.============================ POST REQUEST ==========================.
[2019/08/28 04:14:03] Postback payload: Array
(
    [code] => fileinfoLibrary
    [handler] => onCheckRequirement
)

[2019/08/28 04:14:03] System check: fileinfoLibrary
[2019/08/28 04:14:03] Requirement fileinfoLibrary +OK
[2019/08/28 04:14:03] Execute handler (onCheckRequirement): Array
(
    [result] => 1
)

.============================ POST REQUEST ==========================.
[2019/08/28 04:14:04] Postback payload: Array
(
    [code] => sslLibrary
    [handler] => onCheckRequirement
)

[2019/08/28 04:14:04] System check: sslLibrary
[2019/08/28 04:14:04] Requirement sslLibrary +OK
[2019/08/28 04:14:04] Execute handler (onCheckRequirement): Array
(
    [result] => 1
)

.============================ POST REQUEST ==========================.
[2019/08/28 04:14:04] Postback payload: Array
(
    [code] => zipLibrary
    [handler] => onCheckRequirement
)

[2019/08/28 04:14:04] System check: zipLibrary
[2019/08/28 04:14:04] Requirement zipLibrary +OK
[2019/08/28 04:14:04] Execute handler (onCheckRequirement): Array
(
    [result] => 1
)

.============================ POST REQUEST ==========================.
[2019/08/28 04:14:05] Postback payload: Array
(
    [code] => gdLibrary
    [handler] => onCheckRequirement
)

[2019/08/28 04:14:05] System check: gdLibrary
[2019/08/28 04:14:05] Requirement gdLibrary +OK
[2019/08/28 04:14:05] Execute handler (onCheckRequirement): Array
(
    [result] => 1
)

.============================ POST REQUEST ==========================.
[2019/08/28 04:15:43] Postback payload: Array
(
    [db_type] => mysql
    [db_host] => rambhuchas-dev.conmgyficnit.ap-south-1.rds.amazonaws.com
    [db_port] => 
    [db_name] => dev_01_tulf
    [db_user] => root
    [db_pass] => *******
    [admin_first_name] => Admin
    [admin_last_name] => Person
    [admin_email] => *******@*****.com
    [admin_login] => admin
    [admin_password] => *******
    [admin_confirm_password] => *******
    [backend_uri] => /backend
    [encryption_code] => *******
    [file_mask] => 777
    [folder_mask] => 777
    [handler] => onValidateDatabase
)

.============================ POST REQUEST ==========================.
[2019/08/28 04:15:43] Postback payload: Array
(
    [db_type] => mysql
    [db_host] => rambhuchas-dev.conmgyficnit.ap-south-1.rds.amazonaws.com
    [db_port] => 
    [db_name] => dev_01_tulf
    [db_user] => root
    [db_pass] => *******
    [admin_first_name] => Admin
    [admin_last_name] => Person
    [admin_email] => *******@*****.com
    [admin_login] => admin
    [admin_password] => *******
    [admin_confirm_password] => *******
    [backend_uri] => /backend
    [encryption_code] => *******
    [file_mask] => 777
    [folder_mask] => 777
    [handler] => onValidateAdminAccount
)

.============================ POST REQUEST ==========================.
[2019/08/28 04:15:43] Postback payload: Array
(
    [db_type] => mysql
    [db_host] => rambhuchas-dev.conmgyficnit.ap-south-1.rds.amazonaws.com
    [db_port] => 
    [db_name] => dev_01_tulf
    [db_user] => root
    [db_pass] => *******
    [admin_first_name] => Admin
    [admin_last_name] => Person
    [admin_email] => *******@*****.com
    [admin_login] => admin
    [admin_password] => *******
    [admin_confirm_password] => *******
    [backend_uri] => /backend
    [encryption_code] => *******
    [file_mask] => 777
    [folder_mask] => 777
    [handler] => onValidateAdvancedConfig
)

.============================ POST REQUEST ==========================.
[2019/08/28 04:15:48] Postback payload: Array
(
    [step] => getMetaData
    [meta] => 
    [handler] => onInstallStep
)

[2019/08/28 04:15:48] Install step: getMetaData
[2019/08/28 04:15:48] Server request: core/install
[2019/08/28 04:15:48] Request information: Array
(
    [url] => http://gateway.octobercms.com/api/core/install
    [content_type] => application/json
    [http_code] => 200
    [header_size] => 494
    [request_size] => 211
    [filetime] => -1
    [ssl_verify_result] => 0
    [redirect_count] => 0
    [total_time] => 0.672
    [namelookup_time] => 1.0E-6
    [connect_time] => 0.25
    [pretransfer_time] => 0.25
    [size_upload] => 64
    [size_download] => 132
    [speed_download] => 196
    [speed_upload] => 95
    [download_content_length] => -1
    [upload_content_length] => 64
    [starttransfer_time] => 0.672
    [redirect_time] => 0
    [redirect_url] => 
    [primary_ip] => 54.68.25.146
    [certinfo] => Array
        (
        )

    [primary_port] => 80
    [local_ip] => 192.168.0.103
    [local_port] => 52588
)

[2019/08/28 04:15:48] Step getMetaData +OK
[2019/08/28 04:15:48] Execute handler (onInstallStep): Array
(
    [result] => Array
        (
            [core] => Array
                (
                    [hash] => 6f6148a343581c3310b3b9ecde2d444a
                    [build] => 455
                    [uhash] => 530fb2559d6b264485c60ac3797fe8ac
                )

            [plugins] => Array
                (
                )

            [themes] => Array
                (
                )

        )

)

.============================ POST REQUEST ==========================.
[2019/08/28 04:15:49] Postback payload: Array
(
    [step] => downloadCore
    [meta] => Array
        (
            [core] => Array
                (
                    [hash] => 6f6148a343581c3310b3b9ecde2d444a
                    [build] => 455
                    [uhash] => 530fb2559d6b264485c60ac3797fe8ac
                )

        )

    [handler] => onInstallStep
)

[2019/08/28 04:15:49] Install step: downloadCore
[2019/08/28 04:15:55] Saving to file (core): C:/wamp64/www/kaleidoscope/install-master/install_files/temp/a74ad8dfacd4f985eb3977517615ce25.arc
[2019/08/28 04:15:55] Step downloadCore +OK
[2019/08/28 04:15:55] Execute handler (onInstallStep): Array
(
    [result] => 
)

.============================ POST REQUEST ==========================.
[2019/08/28 04:15:55] Postback payload: Array
(
    [step] => extractCore
    [meta] => Array
        (
            [core] => Array
                (
                    [hash] => 6f6148a343581c3310b3b9ecde2d444a
                    [build] => 455
                    [uhash] => 530fb2559d6b264485c60ac3797fe8ac
                )

        )

    [handler] => onInstallStep
)

[2019/08/28 04:15:55] Install step: extractCore
[2019/08/28 04:15:55] Extracting file (core): a74ad8dfacd4f985eb3977517615ce25.arc
[2019/08/28 04:16:29] Step extractCore +OK
[2019/08/28 04:16:29] Execute handler (onInstallStep): Array
(
    [result] => 1
)

.============================ POST REQUEST ==========================.
[2019/08/28 04:16:30] Postback payload: Array
(
    [step] => setupConfig
    [meta] => Array
        (
            [core] => Array
                (
                    [hash] => 6f6148a343581c3310b3b9ecde2d444a
                    [build] => 455
                    [uhash] => 530fb2559d6b264485c60ac3797fe8ac
                )

        )

    [db_type] => mysql
    [db_host] => rambhuchas-dev.conmgyficnit.ap-south-1.rds.amazonaws.com
    [db_port] => 
    [db_name] => dev_01_tulf
    [db_user] => root
    [db_pass] => *******
    [admin_first_name] => Admin
    [admin_last_name] => Person
    [admin_email] => *******@*****.com
    [admin_login] => admin
    [admin_password] => *******
    [admin_confirm_password] => *******
    [backend_uri] => /backend
    [encryption_code] => *******
    [file_mask] => 777
    [folder_mask] => 777
    [handler] => onInstallStep
)

[2019/08/28 04:16:30] Install step: setupConfig
[2019/08/28 04:16:30] Step setupConfig +OK
[2019/08/28 04:16:30] Execute handler (onInstallStep): Array
(
    [result] => 
)

.============================ POST REQUEST ==========================.
[2019/08/28 04:16:30] Postback payload: Array
(
    [step] => createAdmin
    [meta] => Array
        (
            [core] => Array
                (
                    [hash] => 6f6148a343581c3310b3b9ecde2d444a
                    [build] => 455
                    [uhash] => 530fb2559d6b264485c60ac3797fe8ac
                )

        )

    [db_type] => mysql
    [db_host] => rambhuchas-dev.conmgyficnit.ap-south-1.rds.amazonaws.com
    [db_port] => 
    [db_name] => dev_01_tulf
    [db_user] => root
    [db_pass] => *******
    [admin_first_name] => Admin
    [admin_last_name] => Person
    [admin_email] => *******@*****.com
    [admin_login] => admin
    [admin_password] => *******
    [admin_confirm_password] => *******
    [backend_uri] => /backend
    [encryption_code] => *******
    [file_mask] => 777
    [folder_mask] => 777
    [handler] => onInstallStep
)

[2019/08/28 04:16:30] Install step: createAdmin
[2019/08/28 04:16:30] Handler error (onInstallStep): SQLSTATE[HY000] [1049] Unknown database 'database' (SQL: select * from information_schema.tables where table_schema = database and table_name = migrations)
[2019/08/28 04:16:30] Trace log:
#0 C:\wamp64\www\kaleidoscope\install-master\vendor\laravel\framework\src\Illuminate\Database\Connection.php(624): Illuminate\Database\Connection->runQueryCallback('select * from i...', Array, Object(Closure))
#1 C:\wamp64\www\kaleidoscope\install-master\vendor\laravel\framework\src\Illuminate\Database\Connection.php(333): Illuminate\Database\Connection->run('select * from i...', Array, Object(Closure))
#2 C:\wamp64\www\kaleidoscope\install-master\vendor\laravel\framework\src\Illuminate\Database\Schema\MySqlBuilder.php(18): Illuminate\Database\Connection->select('select * from i...', Array)
#3 C:\wamp64\www\kaleidoscope\install-master\vendor\laravel\framework\src\Illuminate\Support\Facades\Facade.php(221): Illuminate\Database\Schema\MySqlBuilder->hasTable('migrations')
#4 C:\wamp64\www\kaleidoscope\install-master\modules\system\classes\UpdateManager.php(135): Illuminate\Support\Facades\Facade::__callStatic('hasTable', Array)
#5 C:\wamp64\www\kaleidoscope\install-master\install_files\php\Installer.php(525): System\Classes\UpdateManager->update()
#6 C:\wamp64\www\kaleidoscope\install-master\install_files\php\Installer.php(382): Installer->createAdminAccount()
#7 C:\wamp64\www\kaleidoscope\install-master\install_files\php\Installer.php(48): Installer->onInstallStep()
#8 C:\wamp64\www\kaleidoscope\install-master\install_files\php\boot.php(91): Installer->__construct()
#9 C:\wamp64\www\kaleidoscope\install-master\install.php(1): include('C:\\wamp64\\www\\k...')
#10 {main}
.============================ POST REQUEST ==========================.
[2019/08/28 04:16:37] Postback payload: Array
(
    [step] => createAdmin
    [meta] => Array
        (
            [core] => Array
                (
                    [hash] => 6f6148a343581c3310b3b9ecde2d444a
                    [build] => 455
                    [uhash] => 530fb2559d6b264485c60ac3797fe8ac
                )

        )

    [db_type] => mysql
    [db_host] => rambhuchas-dev.conmgyficnit.ap-south-1.rds.amazonaws.com
    [db_port] => 
    [db_name] => dev_01_tulf
    [db_user] => root
    [db_pass] => *******
    [admin_first_name] => Admin
    [admin_last_name] => Person
    [admin_email] => *******@*****.com
    [admin_login] => admin
    [admin_password] => *******
    [admin_confirm_password] => *******
    [backend_uri] => /backend
    [encryption_code] => *******
    [file_mask] => 777
    [folder_mask] => 777
    [handler] => onInstallStep
)

[2019/08/28 04:16:37] Install step: createAdmin
[2019/08/28 04:16:49] Step createAdmin +OK
[2019/08/28 04:16:49] Execute handler (onInstallStep): Array
(
    [result] => 
)

.============================ POST REQUEST ==========================.
[2019/08/28 04:16:50] Postback payload: Array
(
    [disableLog] => 1
)

[2019/08/28 04:16:50] Install step: setupProject
[2019/08/28 04:16:50] Step setupProject +OK
[2019/08/28 04:16:50] Execute handler (onInstallStep): Array
(
    [result] => 
)

.============================ POST REQUEST ==========================.
[2019/08/28 04:16:51] Postback payload: Array
(
    [step] => finishInstall
    [meta] => Array
        (
            [core] => Array
                (
                    [hash] => 6f6148a343581c3310b3b9ecde2d444a
                    [build] => 455
                    [uhash] => 530fb2559d6b264485c60ac3797fe8ac
                )

        )

    [hash] => 6f6148a343581c3310b3b9ecde2d444a
    [build] => 455
    [uhash] => 530fb2559d6b264485c60ac3797fe8ac
    [handler] => onInstallStep
)

[2019/08/28 04:16:51] Install step: finishInstall
[2019/08/28 04:16:52] Cleaning up file: a74ad8dfacd4f985eb3977517615ce25.arc
[2019/08/28 04:16:52] Step finishInstall +OK
[2019/08/28 04:16:52] Execute handler (onInstallStep): Array
(
    [result] => 
)

